<?xml version="1.0" encoding="UTF-8"?>
<testng-results skipped="0" failed="0" ignored="0" total="1" passed="1">
  <reporter-output>
  </reporter-output>
  <suite name="Default suite" duration-ms="49536" started-at="2020-05-06T10:32:20 IST" finished-at="2020-05-06T10:33:09 IST">
    <groups>
    </groups>
    <test name="Default test" duration-ms="49536" started-at="2020-05-06T10:32:20 IST" finished-at="2020-05-06T10:33:09 IST">
      <class name="stepDefination.testBase">
        <test-method status="PASS" signature="browserInitializer()[pri:0, instance:stepDefination.testBase@eafc191]" name="browserInitializer" duration-ms="49372" started-at="2020-05-06T10:32:20 IST" finished-at="2020-05-06T10:33:09 IST">
          <reporter-output>
          </reporter-output>
        </test-method> <!-- browserInitializer -->
      </class> <!-- stepDefination.testBase -->
    </test> <!-- Default test -->
  </suite> <!-- Default suite -->
</testng-results>
